<?xml version="1.0" encoding="UTF-8" ?>
<testsuite failures="0" time="1.41" errors="0" skipped="0" tests="0" name="peerpen.rest.HelloResourceSpecTest">
  <properties>
    <property name="java.runtime.name" value="Java(TM) SE Runtime Environment"/>
    <property name="sun.boot.library.path" value="/Library/Java/JavaVirtualMachines/jdk1.7.0_40.jdk/Contents/Home/jre/lib"/>
    <property name="java.vm.version" value="24.0-b56"/>
    <property name="user.country.format" value="CA"/>
    <property name="gopherProxySet" value="false"/>
    <property name="java.vm.vendor" value="Oracle Corporation"/>
    <property name="java.vendor.url" value="http://java.oracle.com/"/>
    <property name="path.separator" value=":"/>
    <property name="java.vm.name" value="Java HotSpot(TM) 64-Bit Server VM"/>
    <property name="file.encoding.pkg" value="sun.io"/>
    <property name="user.country" value="US"/>
    <property name="sun.java.launcher" value="SUN_STANDARD"/>
    <property name="sun.os.patch.level" value="unknown"/>
    <property name="java.vm.specification.name" value="Java Virtual Machine Specification"/>
    <property name="user.dir" value="/Users/bobbyyit/Documents/Peerpen/peerpen"/>
    <property name="java.runtime.version" value="1.7.0_40-b43"/>
    <property name="java.awt.graphicsenv" value="sun.awt.CGraphicsEnvironment"/>
    <property name="basedir" value="/Users/bobbyyit/Documents/Peerpen/peerpen"/>
    <property name="java.endorsed.dirs" value="/Library/Java/JavaVirtualMachines/jdk1.7.0_40.jdk/Contents/Home/jre/lib/endorsed"/>
    <property name="os.arch" value="x86_64"/>
    <property name="surefire.real.class.path" value="/Users/bobbyyit/Documents/Peerpen/peerpen/target/surefire/surefirebooter6596751909070385529.jar"/>
    <property name="java.io.tmpdir" value="/var/folders/yw/jmmncwlj173gpy6b7l1th0dc0000gn/T/"/>
    <property name="line.separator" value="
"/>
    <property name="java.vm.specification.vendor" value="Oracle Corporation"/>
    <property name="os.name" value="Mac OS X"/>
    <property name="sun.jnu.encoding" value="UTF-8"/>
    <property name="java.library.path" value="/Users/bobbyyit/Library/Java/Extensions:/Library/Java/Extensions:/Network/Library/Java/Extensions:/System/Library/Java/Extensions:/usr/lib/java:."/>
    <property name="surefire.test.class.path" value="/Users/bobbyyit/Documents/Peerpen/peerpen/target/test-classes:/Users/bobbyyit/Documents/Peerpen/peerpen/target/classes:/Users/bobbyyit/.m2/repository/io/restx/restx-core/0.2.9.2/restx-core-0.2.9.2.jar:/Users/bobbyyit/.m2/repository/com/fasterxml/jackson/core/jackson-core/2.1.2/jackson-core-2.1.2.jar:/Users/bobbyyit/.m2/repository/com/fasterxml/jackson/core/jackson-annotations/2.1.2/jackson-annotations-2.1.2.jar:/Users/bobbyyit/.m2/repository/com/fasterxml/jackson/core/jackson-databind/2.1.2/jackson-databind-2.1.2.jar:/Users/bobbyyit/.m2/repository/com/fasterxml/jackson/datatype/jackson-datatype-joda/2.1.2/jackson-datatype-joda-2.1.2.jar:/Users/bobbyyit/.m2/repository/com/fasterxml/jackson/datatype/jackson-datatype-guava/2.1.2/jackson-datatype-guava-2.1.2.jar:/Users/bobbyyit/.m2/repository/io/restx/restx-classloader/0.2.9.2/restx-classloader-0.2.9.2.jar:/Users/bobbyyit/.m2/repository/javax/inject/javax.inject/1/javax.inject-1.jar:/Users/bobbyyit/.m2/repository/com/google/guava/guava/14.0.1/guava-14.0.1.jar:/Users/bobbyyit/.m2/repository/joda-time/joda-time/2.2/joda-time-2.2.jar:/Users/bobbyyit/.m2/repository/org/slf4j/slf4j-api/1.7.5/slf4j-api-1.7.5.jar:/Users/bobbyyit/.m2/repository/com/google/code/maven-play-plugin/com/jamonapi/jamon/2.7/jamon-2.7.jar:/Users/bobbyyit/.m2/repository/org/hibernate/hibernate-validator/5.0.0.Final/hibernate-validator-5.0.0.Final.jar:/Users/bobbyyit/.m2/repository/javax/validation/validation-api/1.1.0.Final/validation-api-1.1.0.Final.jar:/Users/bobbyyit/.m2/repository/org/jboss/logging/jboss-logging/3.1.1.GA/jboss-logging-3.1.1.GA.jar:/Users/bobbyyit/.m2/repository/com/fasterxml/classmate/0.8.0/classmate-0.8.0.jar:/Users/bobbyyit/.m2/repository/org/glassfish/web/javax.el/2.2.4/javax.el-2.2.4.jar:/Users/bobbyyit/.m2/repository/javax/el/javax.el-api/2.2.4/javax.el-api-2.2.4.jar:/Users/bobbyyit/.m2/repository/org/reflections/reflections/0.9.9-RC1/reflections-0.9.9-RC1.jar:/Users/bobbyyit/.m2/repository/org/javassist/javassist/3.16.1-GA/javassist-3.16.1-GA.jar:/Users/bobbyyit/.m2/repository/dom4j/dom4j/1.6.1/dom4j-1.6.1.jar:/Users/bobbyyit/.m2/repository/xml-apis/xml-apis/1.0.b2/xml-apis-1.0.b2.jar:/Users/bobbyyit/.m2/repository/org/yaml/snakeyaml/1.12/snakeyaml-1.12.jar:/Users/bobbyyit/.m2/repository/io/restx/restx-security-basic/0.2.9.2/restx-security-basic-0.2.9.2.jar:/Users/bobbyyit/.m2/repository/io/restx/restx-core-annotation-processor/0.2.9.2/restx-core-annotation-processor-0.2.9.2.jar:/Users/bobbyyit/.m2/repository/io/restx/restx-factory/0.2.9.2/restx-factory-0.2.9.2.jar:/Users/bobbyyit/.m2/repository/io/restx/restx-common/0.2.9.2/restx-common-0.2.9.2.jar:/Users/bobbyyit/.m2/repository/com/github/spullara/mustache/java/compiler/0.8.11/compiler-0.8.11.jar:/Users/bobbyyit/.m2/repository/io/restx/restx-factory-admin/0.2.9.2/restx-factory-admin-0.2.9.2.jar:/Users/bobbyyit/.m2/repository/io/restx/restx-monitor-admin/0.2.9.2/restx-monitor-admin-0.2.9.2.jar:/Users/bobbyyit/.m2/repository/io/restx/restx-server-jetty/0.2.9.2/restx-server-jetty-0.2.9.2.jar:/Users/bobbyyit/.m2/repository/javax/servlet/javax.servlet-api/3.0.1/javax.servlet-api-3.0.1.jar:/Users/bobbyyit/.m2/repository/io/restx/restx-servlet/0.2.9.2/restx-servlet-0.2.9.2.jar:/Users/bobbyyit/.m2/repository/org/codehaus/janino/janino/2.6.1/janino-2.6.1.jar:/Users/bobbyyit/.m2/repository/org/codehaus/janino/commons-compiler/2.6.1/commons-compiler-2.6.1.jar:/Users/bobbyyit/.m2/repository/javax/servlet/servlet-api/2.5/servlet-api-2.5.jar:/Users/bobbyyit/.m2/repository/org/eclipse/jetty/jetty-server/8.1.8.v20121106/jetty-server-8.1.8.v20121106.jar:/Users/bobbyyit/.m2/repository/org/eclipse/jetty/orbit/javax.servlet/3.0.0.v201112011016/javax.servlet-3.0.0.v201112011016.jar:/Users/bobbyyit/.m2/repository/org/eclipse/jetty/jetty-continuation/8.1.8.v20121106/jetty-continuation-8.1.8.v20121106.jar:/Users/bobbyyit/.m2/repository/org/eclipse/jetty/jetty-http/8.1.8.v20121106/jetty-http-8.1.8.v20121106.jar:/Users/bobbyyit/.m2/repository/org/eclipse/jetty/jetty-io/8.1.8.v20121106/jetty-io-8.1.8.v20121106.jar:/Users/bobbyyit/.m2/repository/org/eclipse/jetty/jetty-servlet/8.1.8.v20121106/jetty-servlet-8.1.8.v20121106.jar:/Users/bobbyyit/.m2/repository/org/eclipse/jetty/jetty-security/8.1.8.v20121106/jetty-security-8.1.8.v20121106.jar:/Users/bobbyyit/.m2/repository/org/eclipse/jetty/jetty-util/8.1.8.v20121106/jetty-util-8.1.8.v20121106.jar:/Users/bobbyyit/.m2/repository/org/eclipse/jetty/jetty-webapp/8.1.8.v20121106/jetty-webapp-8.1.8.v20121106.jar:/Users/bobbyyit/.m2/repository/org/eclipse/jetty/jetty-xml/8.1.8.v20121106/jetty-xml-8.1.8.v20121106.jar:/Users/bobbyyit/.m2/repository/org/eclipse/jetty/jetty-servlets/8.1.8.v20121106/jetty-servlets-8.1.8.v20121106.jar:/Users/bobbyyit/.m2/repository/org/eclipse/jetty/jetty-client/8.1.8.v20121106/jetty-client-8.1.8.v20121106.jar:/Users/bobbyyit/.m2/repository/io/restx/restx-apidocs/0.2.9.2/restx-apidocs-0.2.9.2.jar:/Users/bobbyyit/.m2/repository/io/restx/restx-specs-admin/0.2.9.2/restx-specs-admin-0.2.9.2.jar:/Users/bobbyyit/.m2/repository/io/restx/restx-admin/0.2.9.2/restx-admin-0.2.9.2.jar:/Users/bobbyyit/.m2/repository/ch/qos/logback/logback-classic/1.0.9/logback-classic-1.0.9.jar:/Users/bobbyyit/.m2/repository/ch/qos/logback/logback-core/1.0.9/logback-core-1.0.9.jar:/Users/bobbyyit/.m2/repository/io/restx/restx-specs-tests/0.2.9.2/restx-specs-tests-0.2.9.2.jar:/Users/bobbyyit/.m2/repository/org/hamcrest/hamcrest-core/1.3/hamcrest-core-1.3.jar:/Users/bobbyyit/.m2/repository/org/hamcrest/hamcrest-library/1.3/hamcrest-library-1.3.jar:/Users/bobbyyit/.m2/repository/uk/co/datumedge/hamcrest-json/0.2/hamcrest-json-0.2.jar:/Users/bobbyyit/.m2/repository/org/skyscreamer/jsonassert/1.1.1/jsonassert-1.1.1.jar:/Users/bobbyyit/.m2/repository/org/json/json/20090211/json-20090211.jar:/Users/bobbyyit/.m2/repository/commons-collections/commons-collections/3.0/commons-collections-3.0.jar:/Users/bobbyyit/.m2/repository/org/assertj/assertj-core/1.1.0/assertj-core-1.1.0.jar:/Users/bobbyyit/.m2/repository/com/github/kevinsawicki/http-request/4.1/http-request-4.1.jar:/Users/bobbyyit/.m2/repository/junit/junit/4.11/junit-4.11.jar:"/>
    <property name="java.specification.name" value="Java Platform API Specification"/>
    <property name="java.class.version" value="51.0"/>
    <property name="sun.management.compiler" value="HotSpot 64-Bit Tiered Compilers"/>
    <property name="os.version" value="10.8.4"/>
    <property name="http.nonProxyHosts" value="local|*.local|169.254/16|*.169.254/16"/>
    <property name="user.home" value="/Users/bobbyyit"/>
    <property name="user.timezone" value="America/Montreal"/>
    <property name="java.awt.printerjob" value="sun.lwawt.macosx.CPrinterJob"/>
    <property name="java.specification.version" value="1.7"/>
    <property name="file.encoding" value="UTF-8"/>
    <property name="user.name" value="bobbyyit"/>
    <property name="java.class.path" value="/Users/bobbyyit/Documents/Peerpen/peerpen/target/test-classes:/Users/bobbyyit/Documents/Peerpen/peerpen/target/classes:/Users/bobbyyit/.m2/repository/io/restx/restx-core/0.2.9.2/restx-core-0.2.9.2.jar:/Users/bobbyyit/.m2/repository/com/fasterxml/jackson/core/jackson-core/2.1.2/jackson-core-2.1.2.jar:/Users/bobbyyit/.m2/repository/com/fasterxml/jackson/core/jackson-annotations/2.1.2/jackson-annotations-2.1.2.jar:/Users/bobbyyit/.m2/repository/com/fasterxml/jackson/core/jackson-databind/2.1.2/jackson-databind-2.1.2.jar:/Users/bobbyyit/.m2/repository/com/fasterxml/jackson/datatype/jackson-datatype-joda/2.1.2/jackson-datatype-joda-2.1.2.jar:/Users/bobbyyit/.m2/repository/com/fasterxml/jackson/datatype/jackson-datatype-guava/2.1.2/jackson-datatype-guava-2.1.2.jar:/Users/bobbyyit/.m2/repository/io/restx/restx-classloader/0.2.9.2/restx-classloader-0.2.9.2.jar:/Users/bobbyyit/.m2/repository/javax/inject/javax.inject/1/javax.inject-1.jar:/Users/bobbyyit/.m2/repository/com/google/guava/guava/14.0.1/guava-14.0.1.jar:/Users/bobbyyit/.m2/repository/joda-time/joda-time/2.2/joda-time-2.2.jar:/Users/bobbyyit/.m2/repository/org/slf4j/slf4j-api/1.7.5/slf4j-api-1.7.5.jar:/Users/bobbyyit/.m2/repository/com/google/code/maven-play-plugin/com/jamonapi/jamon/2.7/jamon-2.7.jar:/Users/bobbyyit/.m2/repository/org/hibernate/hibernate-validator/5.0.0.Final/hibernate-validator-5.0.0.Final.jar:/Users/bobbyyit/.m2/repository/javax/validation/validation-api/1.1.0.Final/validation-api-1.1.0.Final.jar:/Users/bobbyyit/.m2/repository/org/jboss/logging/jboss-logging/3.1.1.GA/jboss-logging-3.1.1.GA.jar:/Users/bobbyyit/.m2/repository/com/fasterxml/classmate/0.8.0/classmate-0.8.0.jar:/Users/bobbyyit/.m2/repository/org/glassfish/web/javax.el/2.2.4/javax.el-2.2.4.jar:/Users/bobbyyit/.m2/repository/javax/el/javax.el-api/2.2.4/javax.el-api-2.2.4.jar:/Users/bobbyyit/.m2/repository/org/reflections/reflections/0.9.9-RC1/reflections-0.9.9-RC1.jar:/Users/bobbyyit/.m2/repository/org/javassist/javassist/3.16.1-GA/javassist-3.16.1-GA.jar:/Users/bobbyyit/.m2/repository/dom4j/dom4j/1.6.1/dom4j-1.6.1.jar:/Users/bobbyyit/.m2/repository/xml-apis/xml-apis/1.0.b2/xml-apis-1.0.b2.jar:/Users/bobbyyit/.m2/repository/org/yaml/snakeyaml/1.12/snakeyaml-1.12.jar:/Users/bobbyyit/.m2/repository/io/restx/restx-security-basic/0.2.9.2/restx-security-basic-0.2.9.2.jar:/Users/bobbyyit/.m2/repository/io/restx/restx-core-annotation-processor/0.2.9.2/restx-core-annotation-processor-0.2.9.2.jar:/Users/bobbyyit/.m2/repository/io/restx/restx-factory/0.2.9.2/restx-factory-0.2.9.2.jar:/Users/bobbyyit/.m2/repository/io/restx/restx-common/0.2.9.2/restx-common-0.2.9.2.jar:/Users/bobbyyit/.m2/repository/com/github/spullara/mustache/java/compiler/0.8.11/compiler-0.8.11.jar:/Users/bobbyyit/.m2/repository/io/restx/restx-factory-admin/0.2.9.2/restx-factory-admin-0.2.9.2.jar:/Users/bobbyyit/.m2/repository/io/restx/restx-monitor-admin/0.2.9.2/restx-monitor-admin-0.2.9.2.jar:/Users/bobbyyit/.m2/repository/io/restx/restx-server-jetty/0.2.9.2/restx-server-jetty-0.2.9.2.jar:/Users/bobbyyit/.m2/repository/javax/servlet/javax.servlet-api/3.0.1/javax.servlet-api-3.0.1.jar:/Users/bobbyyit/.m2/repository/io/restx/restx-servlet/0.2.9.2/restx-servlet-0.2.9.2.jar:/Users/bobbyyit/.m2/repository/org/codehaus/janino/janino/2.6.1/janino-2.6.1.jar:/Users/bobbyyit/.m2/repository/org/codehaus/janino/commons-compiler/2.6.1/commons-compiler-2.6.1.jar:/Users/bobbyyit/.m2/repository/javax/servlet/servlet-api/2.5/servlet-api-2.5.jar:/Users/bobbyyit/.m2/repository/org/eclipse/jetty/jetty-server/8.1.8.v20121106/jetty-server-8.1.8.v20121106.jar:/Users/bobbyyit/.m2/repository/org/eclipse/jetty/orbit/javax.servlet/3.0.0.v201112011016/javax.servlet-3.0.0.v201112011016.jar:/Users/bobbyyit/.m2/repository/org/eclipse/jetty/jetty-continuation/8.1.8.v20121106/jetty-continuation-8.1.8.v20121106.jar:/Users/bobbyyit/.m2/repository/org/eclipse/jetty/jetty-http/8.1.8.v20121106/jetty-http-8.1.8.v20121106.jar:/Users/bobbyyit/.m2/repository/org/eclipse/jetty/jetty-io/8.1.8.v20121106/jetty-io-8.1.8.v20121106.jar:/Users/bobbyyit/.m2/repository/org/eclipse/jetty/jetty-servlet/8.1.8.v20121106/jetty-servlet-8.1.8.v20121106.jar:/Users/bobbyyit/.m2/repository/org/eclipse/jetty/jetty-security/8.1.8.v20121106/jetty-security-8.1.8.v20121106.jar:/Users/bobbyyit/.m2/repository/org/eclipse/jetty/jetty-util/8.1.8.v20121106/jetty-util-8.1.8.v20121106.jar:/Users/bobbyyit/.m2/repository/org/eclipse/jetty/jetty-webapp/8.1.8.v20121106/jetty-webapp-8.1.8.v20121106.jar:/Users/bobbyyit/.m2/repository/org/eclipse/jetty/jetty-xml/8.1.8.v20121106/jetty-xml-8.1.8.v20121106.jar:/Users/bobbyyit/.m2/repository/org/eclipse/jetty/jetty-servlets/8.1.8.v20121106/jetty-servlets-8.1.8.v20121106.jar:/Users/bobbyyit/.m2/repository/org/eclipse/jetty/jetty-client/8.1.8.v20121106/jetty-client-8.1.8.v20121106.jar:/Users/bobbyyit/.m2/repository/io/restx/restx-apidocs/0.2.9.2/restx-apidocs-0.2.9.2.jar:/Users/bobbyyit/.m2/repository/io/restx/restx-specs-admin/0.2.9.2/restx-specs-admin-0.2.9.2.jar:/Users/bobbyyit/.m2/repository/io/restx/restx-admin/0.2.9.2/restx-admin-0.2.9.2.jar:/Users/bobbyyit/.m2/repository/ch/qos/logback/logback-classic/1.0.9/logback-classic-1.0.9.jar:/Users/bobbyyit/.m2/repository/ch/qos/logback/logback-core/1.0.9/logback-core-1.0.9.jar:/Users/bobbyyit/.m2/repository/io/restx/restx-specs-tests/0.2.9.2/restx-specs-tests-0.2.9.2.jar:/Users/bobbyyit/.m2/repository/org/hamcrest/hamcrest-core/1.3/hamcrest-core-1.3.jar:/Users/bobbyyit/.m2/repository/org/hamcrest/hamcrest-library/1.3/hamcrest-library-1.3.jar:/Users/bobbyyit/.m2/repository/uk/co/datumedge/hamcrest-json/0.2/hamcrest-json-0.2.jar:/Users/bobbyyit/.m2/repository/org/skyscreamer/jsonassert/1.1.1/jsonassert-1.1.1.jar:/Users/bobbyyit/.m2/repository/org/json/json/20090211/json-20090211.jar:/Users/bobbyyit/.m2/repository/commons-collections/commons-collections/3.0/commons-collections-3.0.jar:/Users/bobbyyit/.m2/repository/org/assertj/assertj-core/1.1.0/assertj-core-1.1.0.jar:/Users/bobbyyit/.m2/repository/com/github/kevinsawicki/http-request/4.1/http-request-4.1.jar:/Users/bobbyyit/.m2/repository/junit/junit/4.11/junit-4.11.jar:"/>
    <property name="restx.factory.load" value="onrequest"/>
    <property name="java.vm.specification.version" value="1.7"/>
    <property name="sun.arch.data.model" value="64"/>
    <property name="java.home" value="/Library/Java/JavaVirtualMachines/jdk1.7.0_40.jdk/Contents/Home/jre"/>
    <property name="sun.java.command" value="/Users/bobbyyit/Documents/Peerpen/peerpen/target/surefire/surefirebooter6596751909070385529.jar /Users/bobbyyit/Documents/Peerpen/peerpen/target/surefire/surefire2838909048224660688tmp /Users/bobbyyit/Documents/Peerpen/peerpen/target/surefire/surefire2783539763415776614tmp"/>
    <property name="java.specification.vendor" value="Oracle Corporation"/>
    <property name="user.language" value="en"/>
    <property name="awt.toolkit" value="sun.lwawt.macosx.LWCToolkit"/>
    <property name="java.vm.info" value="mixed mode"/>
    <property name="java.version" value="1.7.0_40"/>
    <property name="java.ext.dirs" value="/Users/bobbyyit/Library/Java/Extensions:/Library/Java/JavaVirtualMachines/jdk1.7.0_40.jdk/Contents/Home/jre/lib/ext:/Library/Java/Extensions:/Network/Library/Java/Extensions:/System/Library/Java/Extensions:/usr/lib/java"/>
    <property name="sun.boot.class.path" value="/Library/Java/JavaVirtualMachines/jdk1.7.0_40.jdk/Contents/Home/jre/lib/resources.jar:/Library/Java/JavaVirtualMachines/jdk1.7.0_40.jdk/Contents/Home/jre/lib/rt.jar:/Library/Java/JavaVirtualMachines/jdk1.7.0_40.jdk/Contents/Home/jre/lib/sunrsasign.jar:/Library/Java/JavaVirtualMachines/jdk1.7.0_40.jdk/Contents/Home/jre/lib/jsse.jar:/Library/Java/JavaVirtualMachines/jdk1.7.0_40.jdk/Contents/Home/jre/lib/jce.jar:/Library/Java/JavaVirtualMachines/jdk1.7.0_40.jdk/Contents/Home/jre/lib/charsets.jar:/Library/Java/JavaVirtualMachines/jdk1.7.0_40.jdk/Contents/Home/jre/lib/jfr.jar:/Library/Java/JavaVirtualMachines/jdk1.7.0_40.jdk/Contents/Home/jre/lib/JObjC.jar:/Library/Java/JavaVirtualMachines/jdk1.7.0_40.jdk/Contents/Home/jre/classes"/>
    <property name="java.vendor" value="Oracle Corporation"/>
    <property name="localRepository" value="/Users/bobbyyit/.m2/repository"/>
    <property name="file.separator" value="/"/>
    <property name="java.vendor.url.bug" value="http://bugreport.sun.com/bugreport/"/>
    <property name="sun.cpu.endian" value="little"/>
    <property name="sun.io.unicode.encoding" value="UnicodeBig"/>
    <property name="socksNonProxyHosts" value="local|*.local|169.254/16|*.169.254/16"/>
    <property name="ftp.nonProxyHosts" value="local|*.local|169.254/16|*.169.254/16"/>
    <property name="sun.cpu.isalist" value=""/>
  </properties>
</testsuite>